#
# A fatal error has been detected by the Java Runtime Environment:
#
#  Internal Error (javaClasses.cpp:129), pid=2728, tid=4576
#  fatal error: Invalid layout of preloaded class
#
# JRE version: 7.0_25-b17
# Java VM: Java HotSpot(TM) Client VM (23.25-b01 mixed mode windows-x86 )
# Failed to write core dump. Minidumps are not enabled by default on client versions of Windows
#
# If you would like to submit a bug report, please visit:
#   http://bugreport.sun.com/bugreport/crash.jsp
#

---------------  T H R E A D  ---------------

Current thread (0x0140b800):  JavaThread "Unknown thread" [_thread_in_vm, id=4576, stack(0x01480000,0x014d0000)]

Stack: [0x01480000,0x014d0000],  sp=0x014cf838,  free space=318k
Native frames: (J=compiled Java code, j=interpreted, Vv=VM code, C=native code)
V  [jvm.dll+0x167e31]
V  [jvm.dll+0x1620f6]
V  [jvm.dll+0x1f92f]
V  [jvm.dll+0x1f9b6]
V  [jvm.dll+0x2cffd]
V  [jvm.dll+0x2d2a9]
V  [jvm.dll+0x75351]
V  [jvm.dll+0x7570b]
V  [jvm.dll+0x123881]
V  [jvm.dll+0x1439cc]
V  [jvm.dll+0xa619f]
C  [javaw.exe+0x13ca]
C  [javaw.exe+0x1e3c]
C  [javaw.exe+0xa5b1]
C  [javaw.exe+0xa63b]
C  [kernel32.dll+0x4ed6c]  BaseThreadInitThunk+0x12
C  [ntdll.dll+0x6377b]  RtlInitializeExceptionChain+0xef
C  [ntdll.dll+0x6374e]  RtlInitializeExceptionChain+0xc2


---------------  P R O C E S S  ---------------

Java Threads: ( => current thread )

Other Threads:

=>0x0140b800 (exited) JavaThread "Unknown thread" [_thread_in_vm, id=4576, stack(0x01480000,0x014d0000)]

VM state:not at safepoint (not fully initialized)

VM Mutex/Monitor currently owned by a thread: None

GC Heap History (0 events):
No events

Deoptimization events (0 events):
No events

Internal exceptions (0 events):
No events

Events (10 events):
Event: 0.024 loading class 0x012e6cd0 done
Event: 0.025 loading class 0x012e5d10 done
Event: 0.025 loading class 0x012e5ce8
Event: 0.025 loading class 0x0135b4c8
Event: 0.025 loading class 0x0135b4c8 done
Event: 0.025 loading class 0x0135b500
Event: 0.026 loading class 0x0135b500 done
Event: 0.026 loading class 0x01351718
Event: 0.026 loading class 0x01351718 done
Event: 0.026 loading class 0x012e5ce8 done


Dynamic libraries:
0x00210000 - 0x0023f000 	C:\Program Files\Java\jre7\bin\javaw.exe
0x77740000 - 0x7787c000 	C:\Windows\SYSTEM32\ntdll.dll
0x771f0000 - 0x772c4000 	C:\Windows\system32\kernel32.dll
0x75980000 - 0x759cb000 	C:\Windows\system32\KERNELBASE.dll
0x75d60000 - 0x75e00000 	C:\Windows\system32\ADVAPI32.dll
0x76fa0000 - 0x7704c000 	C:\Windows\system32\msvcrt.dll
0x772d0000 - 0x772e9000 	C:\Windows\SYSTEM32\sechost.dll
0x75e60000 - 0x75f01000 	C:\Windows\system32\RPCRT4.dll
0x761e0000 - 0x762a9000 	C:\Windows\system32\USER32.dll
0x75f10000 - 0x75f5e000 	C:\Windows\system32\GDI32.dll
0x77960000 - 0x7796a000 	C:\Windows\system32\LPK.dll
0x762b0000 - 0x7634d000 	C:\Windows\system32\USP10.dll
0x743d0000 - 0x7456e000 	C:\Windows\WinSxS\x86_microsoft.windows.common-controls_6595b64144ccf1df_6.0.7601.17514_none_41e6975e2bd6f2b2\COMCTL32.dll
0x76180000 - 0x761d7000 	C:\Windows\system32\SHLWAPI.dll
0x75c60000 - 0x75c7f000 	C:\Windows\system32\IMM32.DLL
0x75c80000 - 0x75d4c000 	C:\Windows\system32\MSCTF.dll
0x69b90000 - 0x69c4e000 	C:\Program Files\Java\jre7\bin\msvcr100.dll
0x5f100000 - 0x5f442000 	C:\Program Files\Java\jre7\bin\client\jvm.dll
0x722a0000 - 0x722a7000 	C:\Windows\system32\WSOCK32.dll
0x771b0000 - 0x771e5000 	C:\Windows\system32\WS2_32.dll
0x75d50000 - 0x75d56000 	C:\Windows\system32\NSI.dll
0x74670000 - 0x746a2000 	C:\Windows\system32\WINMM.dll
0x778c0000 - 0x778c5000 	C:\Windows\system32\PSAPI.DLL
0x70470000 - 0x7047c000 	C:\Program Files\Java\jre7\bin\verify.dll
0x6f870000 - 0x6f890000 	C:\Program Files\Java\jre7\bin\java.dll
0x6ef70000 - 0x6ef83000 	C:\Program Files\Java\jre7\bin\zip.dll
0x73fa0000 - 0x7408b000 	C:\Windows\system32\dbghelp.dll

VM Arguments:
jvm_args: -ea -Dfile.encoding=Cp1252 -Xbootclasspath:C:\Users\Dunhili\Documents\School\adt-bundle-windows-x86-20130514\sdk\platforms\android-17\android.jar 
java_command: org.eclipse.jdt.internal.junit.runner.RemoteTestRunner -version 3 -port 49464 -testLoaderClass org.eclipse.jdt.internal.junit.runner.junit3.JUnit3TestLoader -loaderpluginname org.eclipse.jdt.junit.runtime -classNames com.example.secretmessage.SecretMessageTest
Launcher Type: SUN_STANDARD

Environment Variables:
PATH=C:/Program Files/Java/jre7/bin/client;C:/Program Files/Java/jre7/bin;C:/Program Files/Java/jre7/lib/i386;C:\Program Files\NVIDIA GPU Computing Toolkit\CUDA\v4.0\bin\;C:\Windows\system32;C:\Windows;C:\Windows\System32\Wbem;C:\Windows\System32\WindowsPowerShell\v1.0\;C:\Program Files\Java\jre6\bin;C:\Program Files\TortoiseSVN\bin;C:\Program Files\Git\cmd;C:\Users\Dunhili\Documents\Windows Scripts;C:\Users\Dunhili\Documents\School\adt-bundle-windows-x86-20130514\eclipse;
USERNAME=Dunhili
OS=Windows_NT
PROCESSOR_IDENTIFIER=x86 Family 6 Model 23 Stepping 10, GenuineIntel



---------------  S Y S T E M  ---------------

OS: Windows 7 Build 7601 Service Pack 1

CPU:total 2 (2 cores per cpu, 1 threads per core) family 6 model 23 stepping 10, cmov, cx8, fxsr, mmx, sse, sse2, sse3, ssse3, sse4.1, tsc

Memory: 4k page, physical 3098420k(1184912k free), swap 6195088k(3973976k free)

vm_info: Java HotSpot(TM) Client VM (23.25-b01) for windows-x86 JRE (1.7.0_25-b17), built on Jun 21 2013 13:06:48 by "java_re" with unknown MS VC++:1600

time: Tue Jul 23 11:12:24 2013
elapsed time: 0 seconds

